android/build/intermediates/manifest_merge_blame_file/debug/manifest-merger-blame-debug-report.txt
1<?xml version="1.0" encoding="utf-8"?>
2<manifest xmlns:android="http://schemas.android.com/apk/res/android"
3    package="com.yajananrao.mediaplayer" >
4
5    <uses-sdk
6        android:minSdkVersion="16"
6-->src/main/AndroidManifest.xml
7        android:targetSdkVersion="28" />
7-->src/main/AndroidManifest.xml
8
9    <uses-permission android:name="android.permission.INTERNET" />
9-->src/main/AndroidManifest.xml:5:5-67
9-->src/main/AndroidManifest.xml:5:22-64
10    <uses-permission android:name="android.permission.WAKE_LOCK" />
10-->src/main/AndroidManifest.xml:6:5-68
10-->src/main/AndroidManifest.xml:6:22-65
11    <uses-permission android:name="android.permission.FOREGROUND_SERVICE" />
11-->src/main/AndroidManifest.xml:7:5-77
11-->src/main/AndroidManifest.xml:7:22-74
12
13    <application>
13-->src/main/AndroidManifest.xml:9:5-27:19
14
15        <!-- The main service, handles playback, playlists and media buttons -->
16        <service
16-->src/main/AndroidManifest.xml:13:9-17:19
17            android:name="com.yajananrao.mediaplayer.MediaPlayerService"
17-->src/main/AndroidManifest.xml:13:18-78
18            android:enabled="true"
18-->src/main/AndroidManifest.xml:13:79-101
19            android:exported="true" >
19-->src/main/AndroidManifest.xml:13:102-125
20            <intent-filter>
20-->src/main/AndroidManifest.xml:14:13-16:29
21                <action android:name="android.intent.action.MEDIA_BUTTON" />
21-->src/main/AndroidManifest.xml:15:17-77
21-->src/main/AndroidManifest.xml:15:25-74
22            </intent-filter>
23        </service>
24
25        <!-- A receiver that will receive media buttons. Required on pre-lollipop devices -->
26        <receiver android:name="androidx.media.session.MediaButtonReceiver" >
26-->src/main/AndroidManifest.xml:21:9-25:20
26-->src/main/AndroidManifest.xml:21:19-76
27            <intent-filter>
27-->src/main/AndroidManifest.xml:14:13-16:29
28                <action android:name="android.intent.action.MEDIA_BUTTON" />
28-->src/main/AndroidManifest.xml:15:17-77
28-->src/main/AndroidManifest.xml:15:25-74
29            </intent-filter>
30        </receiver>
31    </application>
32
33</manifest>